0 silly argv {
0 silly argv   _: [ 'publish' ],
0 silly argv   'force-publish': true,
0 silly argv   forcePublish: true,
0 silly argv   composed: 'publish',
0 silly argv   lernaVersion: '4.0.0',
0 silly argv   '$0': 'node_modules\\lerna\\cli.js'
0 silly argv }
1 notice cli v4.0.0
2 verbose rootPath C:\Users\hoyeu\banyan\analys
3 verbose session 3e3912c71d6b4a14
4 verbose user-agent lerna/4.0.0/node@v16.14.0+x64 (win32)
5 silly argv {
5 silly argv   _: [ 'publish' ],
5 silly argv   'force-publish': true,
5 silly argv   forcePublish: true,
5 silly argv   composed: 'publish',
5 silly argv   lernaVersion: '4.0.0'
5 silly argv }
6 verbose rootPath C:\Users\hoyeu\banyan\analys
7 info current version 0.6.4
8 silly isAnythingCommitted
9 verbose isAnythingCommitted 1
10 silly getCurrentBranch
11 verbose currentBranch master
12 silly remoteBranchExists
13 silly isBehindUpstream
14 silly isBehindUpstream master is behind origin/master by 0 commit(s) and ahead by 0
15 silly hasTags
16 verbose hasTags true
17 silly git-describe.sync "v0.6.4-0-g00097b7-dirty" => {"lastTagName":"v0.6.4","lastVersion":"v0.6.4","refCount":"0","sha":"00097b7","isDirty":true}
18 warn force-publish all packages
19 info Assuming all packages changed
20 verbose updated @analys/enum-difference-modes
21 verbose updated @analys/enum-join-modes
22 verbose updated @analys/enum-lookups
23 verbose updated @analys/enum-mutabilities
24 verbose updated @analys/enum-pivot-mode
25 verbose updated @analys/enum-tabular-types
26 verbose updated @analys/convert
27 verbose updated @analys/crostab
28 verbose updated @analys/samples
29 verbose updated @analys/table
30 verbose updated @analys/crostab-indexed
31 verbose updated @analys/crostab-init
32 verbose updated @analys/crostab-lookup
33 verbose updated @analys/crostab-select
34 verbose updated @analys/data-gram
35 verbose updated @analys/nest-gram
36 verbose updated @analys/csv
37 verbose updated @analys/excel
38 verbose updated @analys/table-to-excel
39 verbose updated @analys/samples-filter
40 verbose updated @analys/samples-find
41 verbose updated @analys/samples-formula
42 verbose updated @analys/samples-group
43 verbose updated @analys/samples-pivot
44 verbose updated @analys/samples-select
45 verbose updated @analys/chips
46 verbose updated @analys/cubic
47 verbose updated @analys/formula
48 verbose updated @analys/group
49 verbose updated @analys/keyed-rows
50 verbose updated @analys/pivot
51 verbose updated @analys/tablespec
52 verbose updated @analys/tabular
53 verbose updated @analys/util-keyed-vectors
54 verbose updated @analys/util-pivot
55 verbose updated @analys/table-timeseries-differential
56 verbose updated @analys/table-timeseries-rolling
57 verbose updated @analys/table-chips
58 verbose updated @analys/table-differential
59 verbose updated @analys/table-divide
60 verbose updated @analys/table-filter
61 verbose updated @analys/table-find
62 verbose updated @analys/table-formula
63 verbose updated @analys/table-group
64 verbose updated @analys/table-index
65 verbose updated @analys/table-indexed
66 verbose updated @analys/table-init
67 verbose updated @analys/table-join
68 verbose updated @analys/table-lookup
69 verbose updated @analys/table-merge
70 verbose updated @analys/table-pivot
71 verbose updated @analys/table-select
72 verbose updated @analys/table-types
73 info execute Skipping releases
74 silly lifecycle No script for "preversion" in "root", continuing
75 silly lifecycle No script for "preversion" in "@analys/enum-difference-modes", continuing
76 silly lifecycle No script for "preversion" in "@analys/enum-join-modes", continuing
77 silly lifecycle No script for "preversion" in "@analys/enum-lookups", continuing
78 silly lifecycle No script for "preversion" in "@analys/enum-mutabilities", continuing
79 silly lifecycle No script for "preversion" in "@analys/enum-pivot-mode", continuing
80 silly lifecycle No script for "preversion" in "@analys/enum-tabular-types", continuing
81 silly lifecycle No script for "preversion" in "@analys/crostab-indexed", continuing
82 silly lifecycle No script for "preversion" in "@analys/crostab-init", continuing
83 silly lifecycle No script for "preversion" in "@analys/data-gram", continuing
84 silly lifecycle No script for "preversion" in "@analys/samples-filter", continuing
85 silly lifecycle No script for "preversion" in "@analys/samples-find", continuing
86 silly lifecycle No script for "preversion" in "@analys/samples-select", continuing
87 silly lifecycle No script for "preversion" in "@analys/formula", continuing
88 silly lifecycle No script for "preversion" in "@analys/table-timeseries-differential", continuing
89 silly lifecycle No script for "preversion" in "@analys/table-timeseries-rolling", continuing
90 silly lifecycle No script for "preversion" in "@analys/table-filter", continuing
91 silly lifecycle No script for "version" in "@analys/enum-pivot-mode", continuing
92 silly lifecycle No script for "preversion" in "@analys/table-find", continuing
93 silly lifecycle No script for "version" in "@analys/crostab-indexed", continuing
94 silly lifecycle No script for "preversion" in "@analys/table-index", continuing
95 silly lifecycle No script for "version" in "@analys/enum-tabular-types", continuing
96 silly lifecycle No script for "preversion" in "@analys/table-indexed", continuing
97 silly lifecycle No script for "version" in "@analys/crostab-init", continuing
98 silly lifecycle No script for "preversion" in "@analys/table-init", continuing
99 silly lifecycle No script for "version" in "@analys/enum-lookups", continuing
100 silly lifecycle No script for "preversion" in "@analys/table-merge", continuing
101 silly lifecycle No script for "version" in "@analys/samples-filter", continuing
102 silly lifecycle No script for "preversion" in "@analys/table-types", continuing
103 silly lifecycle No script for "version" in "@analys/enum-mutabilities", continuing
104 silly lifecycle No script for "preversion" in "@analys/tablespec", continuing
105 silly lifecycle No script for "version" in "@analys/data-gram", continuing
106 silly lifecycle No script for "preversion" in "@analys/util-keyed-vectors", continuing
107 silly lifecycle No script for "version" in "@analys/enum-difference-modes", continuing
108 silly lifecycle No script for "preversion" in "@analys/util-pivot", continuing
109 silly lifecycle No script for "version" in "@analys/table-timeseries-differential", continuing
110 silly lifecycle No script for "preversion" in "@analys/nest-gram", continuing
111 silly lifecycle No script for "version" in "@analys/samples-find", continuing
112 silly lifecycle No script for "version" in "@analys/enum-join-modes", continuing
113 silly lifecycle No script for "preversion" in "@analys/table-join", continuing
114 silly lifecycle No script for "version" in "@analys/formula", continuing
115 silly lifecycle No script for "preversion" in "@analys/samples-formula", continuing
116 silly lifecycle No script for "version" in "@analys/samples-select", continuing
117 silly lifecycle No script for "version" in "@analys/table-filter", continuing
118 silly lifecycle No script for "version" in "@analys/table-timeseries-rolling", continuing
119 silly lifecycle No script for "preversion" in "@analys/table-differential", continuing
120 silly lifecycle No script for "version" in "@analys/table-find", continuing
121 silly lifecycle No script for "version" in "@analys/table-index", continuing
122 silly lifecycle No script for "preversion" in "@analys/table-lookup", continuing
123 silly lifecycle No script for "version" in "@analys/table-init", continuing
124 silly lifecycle No script for "preversion" in "@analys/table-divide", continuing
125 silly lifecycle No script for "version" in "@analys/tablespec", continuing
126 silly lifecycle No script for "version" in "@analys/table-types", continuing
127 silly lifecycle No script for "version" in "@analys/table-indexed", continuing
128 silly lifecycle No script for "version" in "@analys/util-keyed-vectors", continuing
129 silly lifecycle No script for "preversion" in "@analys/keyed-rows", continuing
130 silly lifecycle No script for "preversion" in "@analys/tabular", continuing
131 silly lifecycle No script for "version" in "@analys/table-merge", continuing
132 silly lifecycle No script for "preversion" in "@analys/table-formula", continuing
133 silly lifecycle No script for "version" in "@analys/samples-formula", continuing
134 silly lifecycle No script for "version" in "@analys/util-pivot", continuing
135 silly lifecycle No script for "preversion" in "@analys/chips", continuing
136 silly lifecycle No script for "preversion" in "@analys/group", continuing
137 silly lifecycle No script for "preversion" in "@analys/pivot", continuing
138 silly lifecycle No script for "preversion" in "@analys/table-chips", continuing
139 silly lifecycle No script for "version" in "@analys/nest-gram", continuing
140 silly lifecycle No script for "preversion" in "@analys/cubic", continuing
141 silly lifecycle No script for "version" in "@analys/table-join", continuing
142 silly lifecycle No script for "version" in "@analys/table-differential", continuing
143 silly lifecycle No script for "version" in "@analys/table-divide", continuing
144 silly lifecycle No script for "version" in "@analys/table-lookup", continuing
145 silly lifecycle No script for "preversion" in "@analys/crostab-lookup", continuing
146 silly lifecycle No script for "version" in "@analys/tabular", continuing
147 silly lifecycle No script for "preversion" in "@analys/table-select", continuing
148 silly lifecycle No script for "version" in "@analys/group", continuing
149 silly lifecycle No script for "version" in "@analys/keyed-rows", continuing
150 silly lifecycle No script for "preversion" in "@analys/crostab-select", continuing
151 silly lifecycle No script for "version" in "@analys/table-chips", continuing
152 silly lifecycle No script for "version" in "@analys/cubic", continuing
153 silly lifecycle No script for "version" in "@analys/table-formula", continuing
154 silly lifecycle No script for "version" in "@analys/chips", continuing
155 silly lifecycle No script for "preversion" in "@analys/samples-group", continuing
156 silly lifecycle No script for "preversion" in "@analys/table-group", continuing
157 silly lifecycle No script for "version" in "@analys/pivot", continuing
158 silly lifecycle No script for "preversion" in "@analys/samples-pivot", continuing
159 silly lifecycle No script for "version" in "@analys/table-select", continuing
160 silly lifecycle No script for "version" in "@analys/crostab-lookup", continuing
161 silly lifecycle No script for "preversion" in "@analys/crostab", continuing
162 silly lifecycle No script for "version" in "@analys/crostab-select", continuing
163 silly lifecycle No script for "version" in "@analys/samples-group", continuing
164 silly lifecycle No script for "version" in "@analys/table-group", continuing
165 silly lifecycle No script for "version" in "@analys/samples-pivot", continuing
166 silly lifecycle No script for "preversion" in "@analys/samples", continuing
167 silly lifecycle No script for "version" in "@analys/crostab", continuing
168 silly lifecycle No script for "preversion" in "@analys/table-pivot", continuing
169 silly lifecycle No script for "version" in "@analys/samples", continuing
170 silly lifecycle No script for "version" in "@analys/table-pivot", continuing
171 silly lifecycle No script for "preversion" in "@analys/table", continuing
172 silly lifecycle No script for "version" in "@analys/table", continuing
173 silly lifecycle No script for "preversion" in "@analys/convert", continuing
174 silly lifecycle No script for "version" in "@analys/convert", continuing
175 silly lifecycle No script for "preversion" in "@analys/csv", continuing
176 silly lifecycle No script for "version" in "@analys/csv", continuing
177 silly lifecycle No script for "preversion" in "@analys/excel", continuing
178 silly lifecycle No script for "version" in "@analys/excel", continuing
179 silly lifecycle No script for "preversion" in "@analys/table-to-excel", continuing
180 silly lifecycle No script for "version" in "@analys/table-to-excel", continuing
181 silly lifecycle No script for "version" in "root", continuing
182 silly gitAdd [
182 silly gitAdd   'packages/constant/enum-pivot-mode/package.json',
182 silly gitAdd   'packages/crostab/crostab-indexed/package.json',
182 silly gitAdd   'packages/constant/enum-tabular-types/package.json',
182 silly gitAdd   'packages/crostab/crostab-init/package.json',
182 silly gitAdd   'packages/constant/enum-lookups/package.json',
182 silly gitAdd   'packages/samples/samples-filter/package.json',
182 silly gitAdd   'packages/constant/enum-mutabilities/package.json',
182 silly gitAdd   'packages/gram/data-gram/package.json',
182 silly gitAdd   'packages/constant/enum-difference-modes/package.json',
182 silly gitAdd   'packages/table-timeseries/table-timeseries-differencial/package.json',
182 silly gitAdd   'packages/samples/samples-find/package.json',
182 silly gitAdd   'packages/constant/enum-join-modes/package.json',
182 silly gitAdd   'packages/structs/formula/package.json',
182 silly gitAdd   'packages/samples/samples-select/package.json',
182 silly gitAdd   'packages/table/table-filter/package.json',
182 silly gitAdd   'packages/table-timeseries/table-timeseries-rolling/package.json',
182 silly gitAdd   'packages/table/table-find/package.json',
182 silly gitAdd   'packages/table/table-index/package.json',
182 silly gitAdd   'packages/table/table-init/package.json',
182 silly gitAdd   'packages/structs/tablespec/package.json',
182 silly gitAdd   'packages/table/table-types/package.json',
182 silly gitAdd   'packages/table/table-indexed/package.json',
182 silly gitAdd   'packages/structs/util-keyed-vectors/package.json',
182 silly gitAdd   'packages/table/table-merge/package.json',
182 silly gitAdd   'packages/samples/samples-formula/package.json',
182 silly gitAdd   'packages/structs/util-pivot/package.json',
182 silly gitAdd   'packages/gram/nest-gram/package.json',
182 silly gitAdd   'packages/table/table-join/package.json',
182 silly gitAdd   'packages/table/table-differential/package.json',
182 silly gitAdd   'packages/table/table-divide/package.json',
182 silly gitAdd   'packages/table/table-lookup/package.json',
182 silly gitAdd   'packages/structs/tabular/package.json',
182 silly gitAdd   'packages/structs/group/package.json',
182 silly gitAdd   'packages/structs/keyed-rows/package.json',
182 silly gitAdd   'packages/table/table-chips/package.json',
182 silly gitAdd   'packages/structs/cubic/package.json',
182 silly gitAdd   'packages/table/table-formula/package.json',
182 silly gitAdd   'packages/structs/chips/package.json',
182 silly gitAdd   'packages/structs/pivot/package.json',
182 silly gitAdd   'packages/table/table-select/package.json',
182 silly gitAdd   'packages/crostab/crostab-lookup/package.json',
182 silly gitAdd   'packages/crostab/crostab-select/package.json',
182 silly gitAdd   'packages/samples/samples-group/package.json',
182 silly gitAdd   'packages/table/table-group/package.json',
182 silly gitAdd   'packages/samples/samples-pivot/package.json',
182 silly gitAdd   'packages/core/crostab/package.json',
182 silly gitAdd   'packages/core/samples/package.json',
182 silly gitAdd   'packages/table/table-pivot/package.json',
182 silly gitAdd   'packages/core/table/package.json',
182 silly gitAdd   'packages/core/convert/package.json',
182 silly gitAdd   'packages/interop/csv/package.json',
182 silly gitAdd   'packages/interop/excel/package.json',
182 silly gitAdd   'packages/interop/table-to-excel/package.json',
182 silly gitAdd   'lerna.json'
182 silly gitAdd ]
183 silly gitCommit v0.6.5
184 verbose git [ 'commit', '-m', 'v0.6.5' ]
185 silly gitTag v0.6.5
186 verbose git [ 'tag', 'v0.6.5', '-m', 'v0.6.5' ]
187 silly lifecycle No script for "postversion" in "@analys/enum-difference-modes", continuing
188 silly lifecycle No script for "postversion" in "@analys/enum-join-modes", continuing
189 silly lifecycle No script for "postversion" in "@analys/enum-lookups", continuing
190 silly lifecycle No script for "postversion" in "@analys/enum-mutabilities", continuing
191 silly lifecycle No script for "postversion" in "@analys/enum-pivot-mode", continuing
192 silly lifecycle No script for "postversion" in "@analys/enum-tabular-types", continuing
193 silly lifecycle No script for "postversion" in "@analys/convert", continuing
194 silly lifecycle No script for "postversion" in "@analys/crostab", continuing
195 silly lifecycle No script for "postversion" in "@analys/samples", continuing
196 silly lifecycle No script for "postversion" in "@analys/table", continuing
197 silly lifecycle No script for "postversion" in "@analys/crostab-indexed", continuing
198 silly lifecycle No script for "postversion" in "@analys/crostab-init", continuing
199 silly lifecycle No script for "postversion" in "@analys/crostab-lookup", continuing
200 silly lifecycle No script for "postversion" in "@analys/crostab-select", continuing
201 silly lifecycle No script for "postversion" in "@analys/data-gram", continuing
202 silly lifecycle No script for "postversion" in "@analys/nest-gram", continuing
203 silly lifecycle No script for "postversion" in "@analys/csv", continuing
204 silly lifecycle No script for "postversion" in "@analys/excel", continuing
205 silly lifecycle No script for "postversion" in "@analys/table-to-excel", continuing
206 silly lifecycle No script for "postversion" in "@analys/samples-filter", continuing
207 silly lifecycle No script for "postversion" in "@analys/samples-find", continuing
208 silly lifecycle No script for "postversion" in "@analys/samples-formula", continuing
209 silly lifecycle No script for "postversion" in "@analys/samples-group", continuing
210 silly lifecycle No script for "postversion" in "@analys/samples-pivot", continuing
211 silly lifecycle No script for "postversion" in "@analys/samples-select", continuing
212 silly lifecycle No script for "postversion" in "@analys/chips", continuing
213 silly lifecycle No script for "postversion" in "@analys/cubic", continuing
214 silly lifecycle No script for "postversion" in "@analys/formula", continuing
215 silly lifecycle No script for "postversion" in "@analys/group", continuing
216 silly lifecycle No script for "postversion" in "@analys/keyed-rows", continuing
217 silly lifecycle No script for "postversion" in "@analys/pivot", continuing
218 silly lifecycle No script for "postversion" in "@analys/tablespec", continuing
219 silly lifecycle No script for "postversion" in "@analys/tabular", continuing
220 silly lifecycle No script for "postversion" in "@analys/util-keyed-vectors", continuing
221 silly lifecycle No script for "postversion" in "@analys/util-pivot", continuing
222 silly lifecycle No script for "postversion" in "@analys/table-timeseries-differential", continuing
223 silly lifecycle No script for "postversion" in "@analys/table-timeseries-rolling", continuing
224 silly lifecycle No script for "postversion" in "@analys/table-chips", continuing
225 silly lifecycle No script for "postversion" in "@analys/table-differential", continuing
226 silly lifecycle No script for "postversion" in "@analys/table-divide", continuing
227 silly lifecycle No script for "postversion" in "@analys/table-filter", continuing
228 silly lifecycle No script for "postversion" in "@analys/table-find", continuing
229 silly lifecycle No script for "postversion" in "@analys/table-formula", continuing
230 silly lifecycle No script for "postversion" in "@analys/table-group", continuing
231 silly lifecycle No script for "postversion" in "@analys/table-index", continuing
232 silly lifecycle No script for "postversion" in "@analys/table-indexed", continuing
233 silly lifecycle No script for "postversion" in "@analys/table-init", continuing
234 silly lifecycle No script for "postversion" in "@analys/table-join", continuing
235 silly lifecycle No script for "postversion" in "@analys/table-lookup", continuing
236 silly lifecycle No script for "postversion" in "@analys/table-merge", continuing
237 silly lifecycle No script for "postversion" in "@analys/table-pivot", continuing
238 silly lifecycle No script for "postversion" in "@analys/table-select", continuing
239 silly lifecycle No script for "postversion" in "@analys/table-types", continuing
240 silly lifecycle No script for "postversion" in "root", continuing
241 info git Pushing tags...
242 silly gitPush origin master
243 info publish Publishing packages to npm...
244 info Verifying npm credentials
245 verbose Retrieving npm user profile
246 http fetch GET 200 https://registry.npmjs.org/-/npm/v1/user 888ms
247 silly npm profile get received {"tfa":false,"name":"hoyeung","email":"hoyeungw@outlook.com","email_verified":true,"created":"2019-02-14T08:31:40.801Z","updated":"2020-10-20T10:49:31.417Z","cidr_whitelist":null,"fullname":"Hoyeung Wong","twitter":"wonghoyeung","github":"hoyeungw"}
248 silly get npm username received {"username":"hoyeung","tfa":false,"name":"hoyeung","email":"hoyeungw@outlook.com","email_verified":true,"created":"2019-02-14T08:31:40.801Z","updated":"2020-10-20T10:49:31.417Z","cidr_whitelist":null,"fullname":"Hoyeung Wong","twitter":"wonghoyeung","github":"hoyeungw"}
249 silly verifyNpmPackageAccess
250 http fetch GET 200 https://registry.npmjs.org/-/org/hoyeung/package?format=cli 997ms (cache updated)
251 info Checking two-factor auth mode
252 verbose Retrieving npm user profile
253 http fetch GET 200 https://registry.npmjs.org/-/npm/v1/user 311ms
254 silly npm profile get received {"tfa":false,"name":"hoyeung","email":"hoyeungw@outlook.com","email_verified":true,"created":"2019-02-14T08:31:40.801Z","updated":"2020-10-20T10:49:31.417Z","cidr_whitelist":null,"fullname":"Hoyeung Wong","twitter":"wonghoyeung","github":"hoyeungw"}
255 silly 2FA false
256 silly getCurrentSHA
257 verbose getCurrentSHA beb3a82b304e4427a31c7f1c6d4a32de22d39301
258 silly lifecycle No script for "prepublish" in "root", continuing
259 silly lifecycle No script for "prepare" in "root", continuing
260 silly lifecycle No script for "prepublishOnly" in "root", continuing
261 silly lifecycle No script for "prepack" in "root", continuing
262 verbose pack-directory packages\constant\enum-difference-modes
263 verbose pack-directory packages\constant\enum-join-modes
264 verbose pack-directory packages\constant\enum-lookups
265 verbose pack-directory packages\constant\enum-mutabilities
266 verbose pack-directory packages\constant\enum-pivot-mode
267 verbose pack-directory packages\constant\enum-tabular-types
268 verbose pack-directory packages\crostab\crostab-indexed
269 verbose pack-directory packages\crostab\crostab-init
270 verbose pack-directory packages\gram\data-gram
271 verbose pack-directory packages\samples\samples-filter
272 verbose pack-directory packages\samples\samples-find
273 verbose pack-directory packages\samples\samples-select
274 verbose pack-directory packages\structs\formula
275 verbose pack-directory packages\table-timeseries\table-timeseries-differencial
276 verbose pack-directory packages\table-timeseries\table-timeseries-rolling
277 verbose pack-directory packages\table\table-filter
278 silly lifecycle No script for "prepublish" in "@analys/enum-difference-modes", continuing
279 silly lifecycle No script for "prepublish" in "@analys/enum-join-modes", continuing
280 silly lifecycle No script for "prepublish" in "@analys/enum-lookups", continuing
281 silly lifecycle No script for "prepublish" in "@analys/enum-mutabilities", continuing
282 silly lifecycle No script for "prepublish" in "@analys/enum-pivot-mode", continuing
283 silly lifecycle No script for "prepublish" in "@analys/enum-tabular-types", continuing
284 silly lifecycle No script for "prepublish" in "@analys/crostab-indexed", continuing
285 silly lifecycle No script for "prepublish" in "@analys/crostab-init", continuing
286 silly lifecycle No script for "prepublish" in "@analys/data-gram", continuing
287 silly lifecycle No script for "prepublish" in "@analys/samples-filter", continuing
288 silly lifecycle No script for "prepublish" in "@analys/samples-find", continuing
289 silly lifecycle No script for "prepublish" in "@analys/samples-select", continuing
290 silly lifecycle No script for "prepublish" in "@analys/formula", continuing
291 silly lifecycle No script for "prepublish" in "@analys/table-timeseries-differential", continuing
292 silly lifecycle No script for "prepublish" in "@analys/table-timeseries-rolling", continuing
293 silly lifecycle No script for "prepublish" in "@analys/table-filter", continuing
294 silly lifecycle No script for "prepare" in "@analys/enum-difference-modes", continuing
295 silly lifecycle No script for "prepare" in "@analys/enum-join-modes", continuing
296 silly lifecycle No script for "prepare" in "@analys/enum-lookups", continuing
297 silly lifecycle No script for "prepare" in "@analys/enum-mutabilities", continuing
298 silly lifecycle No script for "prepare" in "@analys/enum-pivot-mode", continuing
299 silly lifecycle No script for "prepare" in "@analys/enum-tabular-types", continuing
300 silly lifecycle No script for "prepare" in "@analys/crostab-indexed", continuing
301 silly lifecycle No script for "prepare" in "@analys/crostab-init", continuing
302 silly lifecycle No script for "prepare" in "@analys/data-gram", continuing
303 silly lifecycle No script for "prepare" in "@analys/samples-filter", continuing
304 silly lifecycle No script for "prepare" in "@analys/samples-find", continuing
305 silly lifecycle No script for "prepare" in "@analys/samples-select", continuing
306 silly lifecycle No script for "prepare" in "@analys/formula", continuing
307 silly lifecycle No script for "prepare" in "@analys/table-timeseries-differential", continuing
308 silly lifecycle No script for "prepare" in "@analys/table-timeseries-rolling", continuing
309 silly lifecycle No script for "prepare" in "@analys/table-filter", continuing
310 silly lifecycle No script for "prepublishOnly" in "@analys/enum-mutabilities", continuing
311 silly lifecycle No script for "prepublishOnly" in "@analys/enum-join-modes", continuing
312 silly lifecycle No script for "prepublishOnly" in "@analys/enum-lookups", continuing
313 silly lifecycle No script for "prepublishOnly" in "@analys/crostab-indexed", continuing
314 silly lifecycle No script for "prepublishOnly" in "@analys/enum-difference-modes", continuing
315 silly lifecycle No script for "prepublishOnly" in "@analys/enum-tabular-types", continuing
316 silly lifecycle No script for "prepublishOnly" in "@analys/enum-pivot-mode", continuing
317 silly lifecycle No script for "prepublishOnly" in "@analys/crostab-init", continuing
318 silly lifecycle No script for "prepublishOnly" in "@analys/data-gram", continuing
319 silly lifecycle No script for "prepublishOnly" in "@analys/samples-filter", continuing
320 silly lifecycle No script for "prepublishOnly" in "@analys/samples-select", continuing
321 silly lifecycle No script for "prepublishOnly" in "@analys/samples-find", continuing
322 silly lifecycle No script for "prepublishOnly" in "@analys/formula", continuing
323 silly lifecycle No script for "prepublishOnly" in "@analys/table-timeseries-differential", continuing
324 silly lifecycle No script for "prepublishOnly" in "@analys/table-filter", continuing
325 silly lifecycle No script for "prepack" in "@analys/enum-lookups", continuing
326 silly lifecycle No script for "prepack" in "@analys/enum-mutabilities", continuing
327 silly lifecycle No script for "prepublishOnly" in "@analys/table-timeseries-rolling", continuing
328 silly lifecycle No script for "prepack" in "@analys/crostab-indexed", continuing
329 silly lifecycle No script for "prepack" in "@analys/enum-difference-modes", continuing
330 silly lifecycle No script for "prepack" in "@analys/enum-join-modes", continuing
331 silly lifecycle No script for "prepack" in "@analys/crostab-init", continuing
332 silly lifecycle No script for "prepack" in "@analys/enum-tabular-types", continuing
333 silly lifecycle No script for "prepack" in "@analys/enum-pivot-mode", continuing
334 silly lifecycle No script for "prepack" in "@analys/samples-filter", continuing
335 silly lifecycle No script for "prepack" in "@analys/data-gram", continuing
336 silly lifecycle No script for "prepack" in "@analys/samples-select", continuing
337 silly lifecycle No script for "prepack" in "@analys/samples-find", continuing
338 silly lifecycle No script for "prepack" in "@analys/formula", continuing
339 silly lifecycle No script for "prepack" in "@analys/table-timeseries-differential", continuing
340 silly lifecycle No script for "prepack" in "@analys/table-filter", continuing
341 silly lifecycle No script for "prepack" in "@analys/table-timeseries-rolling", continuing
342 silly lifecycle No script for "postpack" in "@analys/enum-lookups", continuing
343 verbose packed packages\constant\enum-lookups
344 silly lifecycle No script for "postpack" in "@analys/enum-mutabilities", continuing
345 verbose packed packages\constant\enum-mutabilities
346 silly lifecycle No script for "postpack" in "@analys/enum-join-modes", continuing
347 verbose packed packages\constant\enum-join-modes
348 silly lifecycle No script for "postpack" in "@analys/enum-difference-modes", continuing
349 verbose packed packages\constant\enum-difference-modes
350 silly lifecycle No script for "postpack" in "@analys/enum-pivot-mode", continuing
351 verbose packed packages\constant\enum-pivot-mode
352 silly lifecycle No script for "postpack" in "@analys/samples-filter", continuing
353 verbose packed packages\samples\samples-filter
354 silly lifecycle No script for "postpack" in "@analys/crostab-indexed", continuing
355 verbose packed packages\crostab\crostab-indexed
356 silly lifecycle No script for "postpack" in "@analys/data-gram", continuing
357 verbose packed packages\gram\data-gram
358 silly lifecycle No script for "postpack" in "@analys/crostab-init", continuing
359 verbose packed packages\crostab\crostab-init
360 silly lifecycle No script for "postpack" in "@analys/samples-find", continuing
361 verbose packed packages\samples\samples-find
362 silly lifecycle No script for "postpack" in "@analys/enum-tabular-types", continuing
363 verbose packed packages\constant\enum-tabular-types
364 silly lifecycle No script for "postpack" in "@analys/samples-select", continuing
365 verbose packed packages\samples\samples-select
366 silly lifecycle No script for "postpack" in "@analys/formula", continuing
367 verbose packed packages\structs\formula
368 silly lifecycle No script for "postpack" in "@analys/table-timeseries-differential", continuing
369 verbose packed packages\table-timeseries\table-timeseries-differencial
370 verbose pack-directory packages\table\table-find
371 silly lifecycle No script for "prepublish" in "@analys/table-find", continuing
372 silly lifecycle No script for "prepare" in "@analys/table-find", continuing
373 verbose pack-directory packages\table\table-index
374 silly lifecycle No script for "prepublish" in "@analys/table-index", continuing
375 silly lifecycle No script for "prepare" in "@analys/table-index", continuing
376 verbose pack-directory packages\table\table-indexed
377 silly lifecycle No script for "prepublish" in "@analys/table-indexed", continuing
378 silly lifecycle No script for "prepare" in "@analys/table-indexed", continuing
379 verbose pack-directory packages\table\table-init
380 silly lifecycle No script for "prepublish" in "@analys/table-init", continuing
381 silly lifecycle No script for "prepare" in "@analys/table-init", continuing
382 verbose pack-directory packages\table\table-merge
383 silly lifecycle No script for "prepublish" in "@analys/table-merge", continuing
384 silly lifecycle No script for "prepare" in "@analys/table-merge", continuing
385 silly lifecycle No script for "postpack" in "@analys/table-filter", continuing
386 verbose packed packages\table\table-filter
387 verbose pack-directory packages\table\table-types
388 silly lifecycle No script for "prepublish" in "@analys/table-types", continuing
389 silly lifecycle No script for "prepare" in "@analys/table-types", continuing
390 verbose pack-directory packages\table\table-join
391 silly lifecycle No script for "prepublish" in "@analys/table-join", continuing
392 silly lifecycle No script for "prepare" in "@analys/table-join", continuing
393 verbose pack-directory packages\structs\tablespec
394 silly lifecycle No script for "prepublish" in "@analys/tablespec", continuing
395 silly lifecycle No script for "prepare" in "@analys/tablespec", continuing
396 verbose pack-directory packages\structs\util-keyed-vectors
397 silly lifecycle No script for "prepublish" in "@analys/util-keyed-vectors", continuing
398 silly lifecycle No script for "prepare" in "@analys/util-keyed-vectors", continuing
399 verbose pack-directory packages\structs\util-pivot
400 silly lifecycle No script for "prepublish" in "@analys/util-pivot", continuing
401 silly lifecycle No script for "prepare" in "@analys/util-pivot", continuing
402 silly lifecycle No script for "postpack" in "@analys/table-timeseries-rolling", continuing
403 verbose packed packages\table-timeseries\table-timeseries-rolling
404 verbose pack-directory packages\gram\nest-gram
405 silly lifecycle No script for "prepublish" in "@analys/nest-gram", continuing
406 silly lifecycle No script for "prepare" in "@analys/nest-gram", continuing
407 verbose pack-directory packages\samples\samples-formula
408 silly lifecycle No script for "prepublish" in "@analys/samples-formula", continuing
409 silly lifecycle No script for "prepare" in "@analys/samples-formula", continuing
410 silly lifecycle No script for "prepublishOnly" in "@analys/table-find", continuing
411 silly lifecycle No script for "prepublishOnly" in "@analys/table-init", continuing
412 silly lifecycle No script for "prepublishOnly" in "@analys/table-indexed", continuing
413 silly lifecycle No script for "prepublishOnly" in "@analys/table-merge", continuing
414 silly lifecycle No script for "prepublishOnly" in "@analys/table-index", continuing
415 silly lifecycle No script for "prepublishOnly" in "@analys/table-types", continuing
416 silly lifecycle No script for "prepublishOnly" in "@analys/table-join", continuing
417 silly lifecycle No script for "prepublishOnly" in "@analys/util-keyed-vectors", continuing
418 silly lifecycle No script for "prepublishOnly" in "@analys/tablespec", continuing
419 silly lifecycle No script for "prepublishOnly" in "@analys/util-pivot", continuing
420 verbose pack-directory packages\table\table-differential
421 silly lifecycle No script for "prepublish" in "@analys/table-differential", continuing
422 silly lifecycle No script for "prepare" in "@analys/table-differential", continuing
423 silly lifecycle No script for "prepublishOnly" in "@analys/nest-gram", continuing
424 silly lifecycle No script for "prepublishOnly" in "@analys/samples-formula", continuing
425 silly lifecycle No script for "prepack" in "@analys/table-init", continuing
426 silly lifecycle No script for "prepack" in "@analys/table-find", continuing
427 silly lifecycle No script for "prepack" in "@analys/table-indexed", continuing
428 silly lifecycle No script for "prepack" in "@analys/table-merge", continuing
429 silly lifecycle No script for "prepack" in "@analys/table-index", continuing
430 silly lifecycle No script for "prepack" in "@analys/table-types", continuing
431 silly lifecycle No script for "prepack" in "@analys/table-join", continuing
432 silly lifecycle No script for "prepack" in "@analys/tablespec", continuing
433 silly lifecycle No script for "prepack" in "@analys/util-keyed-vectors", continuing
434 silly lifecycle No script for "prepack" in "@analys/util-pivot", continuing
435 silly lifecycle No script for "prepublishOnly" in "@analys/table-differential", continuing
436 silly lifecycle No script for "prepack" in "@analys/nest-gram", continuing
437 silly lifecycle No script for "prepack" in "@analys/samples-formula", continuing
438 silly lifecycle No script for "prepack" in "@analys/table-differential", continuing
439 silly lifecycle No script for "postpack" in "@analys/table-init", continuing
440 verbose packed packages\table\table-init
441 silly lifecycle No script for "postpack" in "@analys/table-index", continuing
442 verbose packed packages\table\table-index
443 silly lifecycle No script for "postpack" in "@analys/table-find", continuing
444 verbose packed packages\table\table-find
445 silly lifecycle No script for "postpack" in "@analys/table-indexed", continuing
446 verbose packed packages\table\table-indexed
447 silly lifecycle No script for "postpack" in "@analys/table-merge", continuing
448 verbose packed packages\table\table-merge
449 silly lifecycle No script for "postpack" in "@analys/table-types", continuing
450 verbose packed packages\table\table-types
451 silly lifecycle No script for "postpack" in "@analys/tablespec", continuing
452 verbose packed packages\structs\tablespec
453 silly lifecycle No script for "postpack" in "@analys/table-join", continuing
454 verbose packed packages\table\table-join
455 silly lifecycle No script for "postpack" in "@analys/util-keyed-vectors", continuing
456 verbose packed packages\structs\util-keyed-vectors
457 silly lifecycle No script for "postpack" in "@analys/util-pivot", continuing
458 verbose packed packages\structs\util-pivot
459 silly lifecycle No script for "postpack" in "@analys/nest-gram", continuing
460 verbose packed packages\gram\nest-gram
461 verbose pack-directory packages\table\table-divide
462 silly lifecycle No script for "prepublish" in "@analys/table-divide", continuing
463 silly lifecycle No script for "prepare" in "@analys/table-divide", continuing
464 silly lifecycle No script for "postpack" in "@analys/samples-formula", continuing
465 verbose packed packages\samples\samples-formula
466 verbose pack-directory packages\table\table-lookup
467 silly lifecycle No script for "prepublish" in "@analys/table-lookup", continuing
468 silly lifecycle No script for "prepare" in "@analys/table-lookup", continuing
469 verbose pack-directory packages\table\table-formula
470 silly lifecycle No script for "prepublish" in "@analys/table-formula", continuing
471 silly lifecycle No script for "prepare" in "@analys/table-formula", continuing
472 verbose pack-directory packages\structs\keyed-rows
473 verbose pack-directory packages\structs\tabular
474 silly lifecycle No script for "prepublish" in "@analys/keyed-rows", continuing
475 silly lifecycle No script for "prepublish" in "@analys/tabular", continuing
476 silly lifecycle No script for "prepare" in "@analys/keyed-rows", continuing
477 silly lifecycle No script for "prepare" in "@analys/tabular", continuing
478 verbose pack-directory packages\structs\chips
479 verbose pack-directory packages\structs\cubic
480 verbose pack-directory packages\structs\group
481 verbose pack-directory packages\structs\pivot
482 verbose pack-directory packages\table\table-chips
483 silly lifecycle No script for "prepublish" in "@analys/chips", continuing
484 silly lifecycle No script for "prepublish" in "@analys/cubic", continuing
485 silly lifecycle No script for "prepublish" in "@analys/group", continuing
486 silly lifecycle No script for "prepublish" in "@analys/pivot", continuing
487 silly lifecycle No script for "prepublish" in "@analys/table-chips", continuing
488 silly lifecycle No script for "prepare" in "@analys/chips", continuing
489 silly lifecycle No script for "prepare" in "@analys/cubic", continuing
490 silly lifecycle No script for "prepare" in "@analys/group", continuing
491 silly lifecycle No script for "prepare" in "@analys/pivot", continuing
492 silly lifecycle No script for "prepare" in "@analys/table-chips", continuing
493 silly lifecycle No script for "prepublishOnly" in "@analys/table-divide", continuing
494 silly lifecycle No script for "prepublishOnly" in "@analys/table-lookup", continuing
495 silly lifecycle No script for "prepublishOnly" in "@analys/table-formula", continuing
496 silly lifecycle No script for "postpack" in "@analys/table-differential", continuing
497 verbose packed packages\table\table-differential
498 silly lifecycle No script for "prepublishOnly" in "@analys/tabular", continuing
499 silly lifecycle No script for "prepublishOnly" in "@analys/cubic", continuing
500 silly lifecycle No script for "prepublishOnly" in "@analys/keyed-rows", continuing
501 silly lifecycle No script for "prepublishOnly" in "@analys/group", continuing
502 silly lifecycle No script for "prepublishOnly" in "@analys/pivot", continuing
503 silly lifecycle No script for "prepublishOnly" in "@analys/chips", continuing
504 silly lifecycle No script for "prepack" in "@analys/table-divide", continuing
505 silly lifecycle No script for "prepublishOnly" in "@analys/table-chips", continuing
506 silly lifecycle No script for "prepack" in "@analys/table-lookup", continuing
507 silly lifecycle No script for "prepack" in "@analys/table-formula", continuing
508 silly lifecycle No script for "prepack" in "@analys/tabular", continuing
509 silly lifecycle No script for "prepack" in "@analys/keyed-rows", continuing
510 silly lifecycle No script for "prepack" in "@analys/cubic", continuing
511 silly lifecycle No script for "prepack" in "@analys/group", continuing
512 silly lifecycle No script for "prepack" in "@analys/pivot", continuing
513 silly lifecycle No script for "prepack" in "@analys/chips", continuing
514 silly lifecycle No script for "prepack" in "@analys/table-chips", continuing
515 silly lifecycle No script for "postpack" in "@analys/table-divide", continuing
516 verbose packed packages\table\table-divide
517 silly lifecycle No script for "postpack" in "@analys/table-lookup", continuing
518 verbose packed packages\table\table-lookup
519 silly lifecycle No script for "postpack" in "@analys/table-formula", continuing
520 verbose packed packages\table\table-formula
521 silly lifecycle No script for "postpack" in "@analys/cubic", continuing
522 verbose packed packages\structs\cubic
523 silly lifecycle No script for "postpack" in "@analys/tabular", continuing
524 verbose packed packages\structs\tabular
525 silly lifecycle No script for "postpack" in "@analys/keyed-rows", continuing
526 verbose packed packages\structs\keyed-rows
527 silly lifecycle No script for "postpack" in "@analys/group", continuing
528 verbose packed packages\structs\group
529 silly lifecycle No script for "postpack" in "@analys/pivot", continuing
530 verbose packed packages\structs\pivot
531 silly lifecycle No script for "postpack" in "@analys/chips", continuing
532 verbose packed packages\structs\chips
533 verbose pack-directory packages\crostab\crostab-lookup
534 silly lifecycle No script for "prepublish" in "@analys/crostab-lookup", continuing
535 silly lifecycle No script for "prepare" in "@analys/crostab-lookup", continuing
536 silly lifecycle No script for "postpack" in "@analys/table-chips", continuing
537 verbose packed packages\table\table-chips
538 verbose pack-directory packages\crostab\crostab-select
539 verbose pack-directory packages\table\table-select
540 silly lifecycle No script for "prepublish" in "@analys/crostab-select", continuing
541 silly lifecycle No script for "prepublish" in "@analys/table-select", continuing
542 silly lifecycle No script for "prepare" in "@analys/crostab-select", continuing
543 silly lifecycle No script for "prepare" in "@analys/table-select", continuing
544 verbose pack-directory packages\samples\samples-pivot
545 silly lifecycle No script for "prepublish" in "@analys/samples-pivot", continuing
546 silly lifecycle No script for "prepare" in "@analys/samples-pivot", continuing
547 verbose pack-directory packages\samples\samples-group
548 verbose pack-directory packages\table\table-group
549 silly lifecycle No script for "prepublish" in "@analys/samples-group", continuing
550 silly lifecycle No script for "prepublish" in "@analys/table-group", continuing
551 silly lifecycle No script for "prepare" in "@analys/samples-group", continuing
552 silly lifecycle No script for "prepare" in "@analys/table-group", continuing
553 silly lifecycle No script for "prepublishOnly" in "@analys/crostab-lookup", continuing
554 silly lifecycle No script for "prepublishOnly" in "@analys/crostab-select", continuing
555 silly lifecycle No script for "prepublishOnly" in "@analys/table-select", continuing
556 silly lifecycle No script for "prepublishOnly" in "@analys/samples-pivot", continuing
557 silly lifecycle No script for "prepublishOnly" in "@analys/samples-group", continuing
558 silly lifecycle No script for "prepublishOnly" in "@analys/table-group", continuing
559 silly lifecycle No script for "prepack" in "@analys/crostab-select", continuing
560 silly lifecycle No script for "prepack" in "@analys/crostab-lookup", continuing
561 silly lifecycle No script for "prepack" in "@analys/table-select", continuing
562 silly lifecycle No script for "prepack" in "@analys/samples-group", continuing
563 silly lifecycle No script for "prepack" in "@analys/samples-pivot", continuing
564 silly lifecycle No script for "prepack" in "@analys/table-group", continuing
565 silly lifecycle No script for "postpack" in "@analys/crostab-select", continuing
566 verbose packed packages\crostab\crostab-select
567 silly lifecycle No script for "postpack" in "@analys/table-select", continuing
568 verbose packed packages\table\table-select
569 silly lifecycle No script for "postpack" in "@analys/crostab-lookup", continuing
570 verbose packed packages\crostab\crostab-lookup
571 silly lifecycle No script for "postpack" in "@analys/samples-group", continuing
572 verbose packed packages\samples\samples-group
573 silly lifecycle No script for "postpack" in "@analys/samples-pivot", continuing
574 verbose packed packages\samples\samples-pivot
575 silly lifecycle No script for "postpack" in "@analys/table-group", continuing
576 verbose packed packages\table\table-group
577 verbose pack-directory packages\core\crostab
578 silly lifecycle No script for "prepublish" in "@analys/crostab", continuing
579 silly lifecycle No script for "prepare" in "@analys/crostab", continuing
580 verbose pack-directory packages\core\samples
581 silly lifecycle No script for "prepublish" in "@analys/samples", continuing
582 silly lifecycle No script for "prepare" in "@analys/samples", continuing
583 silly lifecycle No script for "prepublishOnly" in "@analys/crostab", continuing
584 silly lifecycle No script for "prepublishOnly" in "@analys/samples", continuing
585 silly lifecycle No script for "prepack" in "@analys/crostab", continuing
586 silly lifecycle No script for "prepack" in "@analys/samples", continuing
587 silly lifecycle No script for "postpack" in "@analys/crostab", continuing
588 verbose packed packages\core\crostab
589 silly lifecycle No script for "postpack" in "@analys/samples", continuing
590 verbose packed packages\core\samples
591 verbose pack-directory packages\table\table-pivot
592 silly lifecycle No script for "prepublish" in "@analys/table-pivot", continuing
593 silly lifecycle No script for "prepare" in "@analys/table-pivot", continuing
594 silly lifecycle No script for "prepublishOnly" in "@analys/table-pivot", continuing
595 silly lifecycle No script for "prepack" in "@analys/table-pivot", continuing
596 silly lifecycle No script for "postpack" in "@analys/table-pivot", continuing
597 verbose packed packages\table\table-pivot
598 verbose pack-directory packages\core\table
599 silly lifecycle No script for "prepublish" in "@analys/table", continuing
600 silly lifecycle No script for "prepare" in "@analys/table", continuing
601 silly lifecycle No script for "prepublishOnly" in "@analys/table", continuing
602 silly lifecycle No script for "prepack" in "@analys/table", continuing
603 silly lifecycle No script for "postpack" in "@analys/table", continuing
604 verbose packed packages\core\table
605 verbose pack-directory packages\core\convert
606 verbose pack-directory packages\interop\csv
607 silly lifecycle No script for "prepublish" in "@analys/convert", continuing
608 silly lifecycle No script for "prepublish" in "@analys/csv", continuing
609 silly lifecycle No script for "prepare" in "@analys/convert", continuing
610 silly lifecycle No script for "prepare" in "@analys/csv", continuing
611 silly lifecycle No script for "prepublishOnly" in "@analys/convert", continuing
612 silly lifecycle No script for "prepublishOnly" in "@analys/csv", continuing
613 silly lifecycle No script for "prepack" in "@analys/convert", continuing
614 silly lifecycle No script for "prepack" in "@analys/csv", continuing
615 silly lifecycle No script for "postpack" in "@analys/convert", continuing
616 verbose packed packages\core\convert
617 silly lifecycle No script for "postpack" in "@analys/csv", continuing
618 verbose packed packages\interop\csv
619 verbose pack-directory packages\interop\excel
620 silly lifecycle No script for "prepublish" in "@analys/excel", continuing
621 silly lifecycle No script for "prepare" in "@analys/excel", continuing
622 silly lifecycle No script for "prepublishOnly" in "@analys/excel", continuing
623 silly lifecycle No script for "prepack" in "@analys/excel", continuing
624 silly lifecycle No script for "postpack" in "@analys/excel", continuing
625 verbose packed packages\interop\excel
626 verbose pack-directory packages\interop\table-to-excel
627 silly lifecycle No script for "prepublish" in "@analys/table-to-excel", continuing
628 silly lifecycle No script for "prepare" in "@analys/table-to-excel", continuing
629 silly lifecycle No script for "prepublishOnly" in "@analys/table-to-excel", continuing
630 silly lifecycle No script for "prepack" in "@analys/table-to-excel", continuing
631 silly lifecycle No script for "postpack" in "@analys/table-to-excel", continuing
632 verbose packed packages\interop\table-to-excel
633 silly lifecycle No script for "postpack" in "root", continuing
634 verbose publish @analys/enum-difference-modes
635 verbose publish @analys/enum-join-modes
636 verbose publish @analys/enum-lookups
637 verbose publish @analys/enum-mutabilities
638 verbose publish @analys/enum-pivot-mode
639 verbose publish @analys/enum-tabular-types
640 verbose publish @analys/crostab-indexed
641 verbose publish @analys/crostab-init
642 verbose publish @analys/data-gram
643 verbose publish @analys/samples-filter
644 verbose publish @analys/samples-find
645 verbose publish @analys/samples-select
646 verbose publish @analys/formula
647 verbose publish @analys/table-timeseries-differential
648 verbose publish @analys/table-timeseries-rolling
649 verbose publish @analys/table-filter
650 http fetch PUT 200 https://registry.npmjs.org/@analys%2fenum-join-modes 3759ms
651 silly lifecycle No script for "publish" in "@analys/enum-join-modes", continuing
652 silly lifecycle No script for "postpublish" in "@analys/enum-join-modes", continuing
653 success published @analys/enum-join-modes 0.6.5
654 notice
655 notice package: @analys/enum-join-modes@0.6.5
656 notice === Tarball Contents ===
657 notice 1.1kB LICENSE
657 notice 373B  dist/index.cjs
657 notice 812B  package.json
657 notice 1.6kB README.md
657 notice 218B  dist/index.mjs
658 notice === Tarball Details ===
659 notice name:          @analys/enum-join-modes
659 notice version:       0.6.5
659 notice filename:      analys-enum-join-modes-0.6.5.tgz
659 notice package size:  1.9 kB
659 notice unpacked size: 4.1 kB
659 notice shasum:        32139af9aaa525b88a948445de5a16a20e5a6521
659 notice integrity:     sha512-SF4aKIdzm/anU[...]/Bkky5ABlbS+w==
659 notice total files:   5
660 notice
661 verbose publish @analys/table-find
662 http fetch PUT 200 https://registry.npmjs.org/@analys%2fenum-pivot-mode 4637ms
663 silly lifecycle No script for "publish" in "@analys/enum-pivot-mode", continuing
664 silly lifecycle No script for "postpublish" in "@analys/enum-pivot-mode", continuing
665 success published @analys/enum-pivot-mode 0.6.5
666 notice
667 notice package: @analys/enum-pivot-mode@0.6.5
668 notice === Tarball Contents ===
669 notice 1.1kB LICENSE
669 notice 676B  dist/index.cjs
669 notice 812B  package.json
669 notice 1.6kB README.md
669 notice 446B  dist/index.mjs
670 notice === Tarball Details ===
671 notice name:          @analys/enum-pivot-mode
671 notice version:       0.6.5
671 notice filename:      analys-enum-pivot-mode-0.6.5.tgz
671 notice package size:  2.0 kB
671 notice unpacked size: 4.6 kB
671 notice shasum:        4febf638f7c7fe2214dbf9d9721e9f48b5fa129d
671 notice integrity:     sha512-ACycwysKywpZK[...]Ucwop75YDxi1w==
671 notice total files:   5
672 notice
673 verbose publish @analys/table-index
674 http fetch PUT 200 https://registry.npmjs.org/@analys%2fcrostab-indexed 4642ms
675 silly lifecycle No script for "publish" in "@analys/crostab-indexed", continuing
676 silly lifecycle No script for "postpublish" in "@analys/crostab-indexed", continuing
677 success published @analys/crostab-indexed 0.6.5
678 notice
679 notice package: @analys/crostab-indexed@0.6.5
680 notice === Tarball Contents ===
681 notice 1.1kB LICENSE
681 notice 2.4kB dist/index.cjs
681 notice 910B  package.json
681 notice 1.6kB README.md
681 notice 2.2kB dist/index.mjs
682 notice === Tarball Details ===
683 notice name:          @analys/crostab-indexed
683 notice version:       0.6.5
683 notice filename:      analys-crostab-indexed-0.6.5.tgz
683 notice package size:  2.4 kB
683 notice unpacked size: 8.2 kB
683 notice shasum:        b7b6a682b24753469ee15799a46d06faf6e94f30
683 notice integrity:     sha512-cnIRq+5lPPnzQ[...]XSFYRSX1dq+dA==
683 notice total files:   5
684 notice
685 verbose publish @analys/table-indexed
686 http fetch PUT 200 https://registry.npmjs.org/@analys%2fdata-gram 4646ms
687 silly lifecycle No script for "publish" in "@analys/data-gram", continuing
688 silly lifecycle No script for "postpublish" in "@analys/data-gram", continuing
689 success published @analys/data-gram 0.6.5
690 notice
691 notice package: @analys/data-gram@0.6.5
692 notice === Tarball Contents ===
693 notice 1.1kB LICENSE
693 notice 6.9kB dist/index.cjs
693 notice 986B  package.json
693 notice 1.5kB README.md
693 notice 6.5kB dist/index.mjs
694 notice === Tarball Details ===
695 notice name:          @analys/data-gram
695 notice version:       0.6.5
695 notice filename:      analys-data-gram-0.6.5.tgz
695 notice package size:  3.3 kB
695 notice unpacked size: 17.0 kB
695 notice shasum:        e81f0cc8c922362010f13d257fdb6bc7356623ea
695 notice integrity:     sha512-YX3/Fc41KMDs6[...]DIAfhLl7aP4Qw==
695 notice total files:   5
696 notice
697 verbose publish @analys/table-init
698 http fetch PUT 200 https://registry.npmjs.org/@analys%2fsamples-select 4647ms
699 silly lifecycle No script for "publish" in "@analys/samples-select", continuing
700 silly lifecycle No script for "postpublish" in "@analys/samples-select", continuing
701 success published @analys/samples-select 0.6.5
702 notice
703 notice package: @analys/samples-select@0.6.5
704 notice === Tarball Contents ===
705 notice 1.1kB LICENSE
705 notice 992B  dist/index.cjs
705 notice 996B  package.json
705 notice 1.6kB README.md
705 notice 848B  dist/index.mjs
706 notice === Tarball Details ===
707 notice name:          @analys/samples-select
707 notice version:       0.6.5
707 notice filename:      analys-samples-select-0.6.5.tgz
707 notice package size:  2.2 kB
707 notice unpacked size: 5.6 kB
707 notice shasum:        8ab9602f021938a150a4bf9e4a00489f09ce0b45
707 notice integrity:     sha512-/DLT2MaJDjHQ3[...]pjjSarRyZ7wEg==
707 notice total files:   5
708 notice
709 verbose publish @analys/table-merge
710 http fetch PUT 200 https://registry.npmjs.org/@analys%2fsamples-filter 4657ms
711 silly lifecycle No script for "publish" in "@analys/samples-filter", continuing
712 silly lifecycle No script for "postpublish" in "@analys/samples-filter", continuing
713 success published @analys/samples-filter 0.6.5
714 notice
715 notice package: @analys/samples-filter@0.6.5
716 notice === Tarball Contents ===
717 notice 1.1kB LICENSE
717 notice 703B  dist/index.cjs
717 notice 898B  package.json
717 notice 1.6kB README.md
717 notice 611B  dist/index.mjs
718 notice === Tarball Details ===
719 notice name:          @analys/samples-filter
719 notice version:       0.6.5
719 notice filename:      analys-samples-filter-0.6.5.tgz
719 notice package size:  2.0 kB
719 notice unpacked size: 4.9 kB
719 notice shasum:        81486fc53ac35cbff4262d42bb6629c0c5d55e3f
719 notice integrity:     sha512-/A0MVam+l6acy[...]ZvJGHwCwcuFtw==
719 notice total files:   5
720 notice
721 verbose publish @analys/table-types
722 http fetch PUT 200 https://registry.npmjs.org/@analys%2fenum-difference-modes 4684ms
723 silly lifecycle No script for "publish" in "@analys/enum-difference-modes", continuing
724 silly lifecycle No script for "postpublish" in "@analys/enum-difference-modes", continuing
725 success published @analys/enum-difference-modes 0.6.5
726 notice
727 notice package: @analys/enum-difference-modes@0.6.5
728 notice === Tarball Contents ===
729 notice 1.1kB LICENSE
729 notice 218B  dist/index.cjs
729 notice 824B  package.json
729 notice 1.6kB README.md
729 notice 96B   dist/index.mjs
730 notice === Tarball Details ===
731 notice name:          @analys/enum-difference-modes
731 notice version:       0.6.5
731 notice filename:      analys-enum-difference-modes-0.6.5.tgz
731 notice package size:  1.8 kB
731 notice unpacked size: 3.9 kB
731 notice shasum:        4e8abe7ab42bf654e9296c57d09bfa750cfd50be
731 notice integrity:     sha512-j/0svEZNh7/ps[...]P6AGGio1MUORQ==
731 notice total files:   5
732 notice
733 verbose publish @analys/table-join
734 http fetch PUT 200 https://registry.npmjs.org/@analys%2fenum-lookups 4686ms
735 silly lifecycle No script for "publish" in "@analys/enum-lookups", continuing
736 silly lifecycle No script for "postpublish" in "@analys/enum-lookups", continuing
737 success published @analys/enum-lookups 0.6.5
738 notice
739 notice package: @analys/enum-lookups@0.6.5
740 notice === Tarball Contents ===
741 notice 1.1kB LICENSE
741 notice 188B  dist/index.cjs
741 notice 806B  package.json
741 notice 1.6kB README.md
741 notice 90B   dist/index.mjs
742 notice === Tarball Details ===
743 notice name:          @analys/enum-lookups
743 notice version:       0.6.5
743 notice filename:      analys-enum-lookups-0.6.5.tgz
743 notice package size:  1.8 kB
743 notice unpacked size: 3.8 kB
743 notice shasum:        443bb8aa5869b8d07c06b20bfd2c148d9806ec07
743 notice integrity:     sha512-MntOE4iRELe2K[...]bevEFAeCIEJFA==
743 notice total files:   5
744 notice
745 verbose publish @analys/tablespec
746 http fetch PUT 200 https://registry.npmjs.org/@analys%2fsamples-find 4672ms
747 silly lifecycle No script for "publish" in "@analys/samples-find", continuing
748 silly lifecycle No script for "postpublish" in "@analys/samples-find", continuing
749 success published @analys/samples-find 0.6.5
750 notice
751 notice package: @analys/samples-find@0.6.5
752 notice === Tarball Contents ===
753 notice 1.1kB LICENSE
753 notice 674B  dist/index.cjs
753 notice 896B  package.json
753 notice 1.6kB README.md
753 notice 584B  dist/index.mjs
754 notice === Tarball Details ===
755 notice name:          @analys/samples-find
755 notice version:       0.6.5
755 notice filename:      analys-samples-find-0.6.5.tgz
755 notice package size:  2.0 kB
755 notice unpacked size: 4.8 kB
755 notice shasum:        5221ae5bb079a772c660f29385e0bb0fb13d797a
755 notice integrity:     sha512-lzXXGfjHvAbNR[...]b33VPSbUVg6UA==
755 notice total files:   5
756 notice
757 verbose publish @analys/util-keyed-vectors
758 http fetch PUT 200 https://registry.npmjs.org/@analys%2fcrostab-init 4693ms
759 silly lifecycle No script for "publish" in "@analys/crostab-init", continuing
760 silly lifecycle No script for "postpublish" in "@analys/crostab-init", continuing
761 success published @analys/crostab-init 0.6.5
762 notice
763 notice package: @analys/crostab-init@0.6.5
764 notice === Tarball Contents ===
765 notice 1.1kB LICENSE
765 notice 1.9kB dist/index.cjs
765 notice 957B  package.json
765 notice 1.6kB README.md
765 notice 1.7kB dist/index.mjs
766 notice === Tarball Details ===
767 notice name:          @analys/crostab-init
767 notice version:       0.6.5
767 notice filename:      analys-crostab-init-0.6.5.tgz
767 notice package size:  2.2 kB
767 notice unpacked size: 7.2 kB
767 notice shasum:        393258253e85ff37a4ae4d9b308468c7888668dd
767 notice integrity:     sha512-It0Mxt5OOMgC0[...]QJWcn2kKcPGAw==
767 notice total files:   5
768 notice
769 verbose publish @analys/util-pivot
770 http fetch PUT 200 https://registry.npmjs.org/@analys%2fenum-tabular-types 4697ms
771 silly lifecycle No script for "publish" in "@analys/enum-tabular-types", continuing
772 silly lifecycle No script for "postpublish" in "@analys/enum-tabular-types", continuing
773 success published @analys/enum-tabular-types 0.6.5
774 notice
775 notice package: @analys/enum-tabular-types@0.6.5
776 notice === Tarball Contents ===
777 notice 1.1kB LICENSE
777 notice 287B  dist/index.cjs
777 notice 818B  package.json
777 notice 1.6kB README.md
777 notice 137B  dist/index.mjs
778 notice === Tarball Details ===
779 notice name:          @analys/enum-tabular-types
779 notice version:       0.6.5
779 notice filename:      analys-enum-tabular-types-0.6.5.tgz
779 notice package size:  1.8 kB
779 notice unpacked size: 4.0 kB
779 notice shasum:        2131ba7cf1fdae3d7626c99ce7e4d5c47937b528
779 notice integrity:     sha512-ZNL5E+4vvDhp4[...]MkmADPZj2zLOw==
779 notice total files:   5
780 notice
781 verbose publish @analys/nest-gram
782 http fetch PUT 200 https://registry.npmjs.org/@analys%2fenum-mutabilities 4930ms
783 silly lifecycle No script for "publish" in "@analys/enum-mutabilities", continuing
784 silly lifecycle No script for "postpublish" in "@analys/enum-mutabilities", continuing
785 success published @analys/enum-mutabilities 0.6.5
786 notice
787 notice package: @analys/enum-mutabilities@0.6.5
788 notice === Tarball Contents ===
789 notice 1.1kB LICENSE
789 notice 368B  dist/index.cjs
789 notice 816B  package.json
789 notice 1.6kB README.md
789 notice 232B  dist/index.mjs
790 notice === Tarball Details ===
791 notice name:          @analys/enum-mutabilities
791 notice version:       0.6.5
791 notice filename:      analys-enum-mutabilities-0.6.5.tgz
791 notice package size:  1.9 kB
791 notice unpacked size: 4.1 kB
791 notice shasum:        3175fff4af7d68069ae9758ac563704629d02f31
791 notice integrity:     sha512-xllMgnJ2Bew9R[...]pmke1nrPTC2nA==
791 notice total files:   5
792 notice
793 silly FetchError: request to https://registry.npmjs.org/@analys%2ftable-timeseries-rolling failed, reason: Socket timeout
793 silly     at ClientRequest.<anonymous> (C:\Users\hoyeu\banyan\analys\node_modules\minipass-fetch\lib\index.js:110:14)
793 silly     at ClientRequest.emit (node:events:520:28)
793 silly     at TLSSocket.socketErrorListener (node:_http_client:442:9)
793 silly     at TLSSocket.emit (node:events:532:35)
793 silly     at emitErrorNT (node:internal/streams/destroy:157:8)
793 silly     at emitErrorCloseNT (node:internal/streams/destroy:122:3)
793 silly     at processTicksAndRejections (node:internal/process/task_queues:83:21)
793 silly  FetchError: request to https://registry.npmjs.org/@analys%2ftable-timeseries-rolling failed, reason: Socket timeout
793 silly     at ClientRequest.<anonymous> (C:\Users\hoyeu\banyan\analys\node_modules\minipass-fetch\lib\index.js:110:14)
793 silly     at ClientRequest.emit (node:events:520:28)
793 silly     at TLSSocket.socketErrorListener (node:_http_client:442:9)
793 silly     at TLSSocket.emit (node:events:532:35)
793 silly     at emitErrorNT (node:internal/streams/destroy:157:8)
793 silly     at emitErrorCloseNT (node:internal/streams/destroy:122:3)
793 silly     at processTicksAndRejections (node:internal/process/task_queues:83:21) {
793 silly   code: 'ERR_SOCKET_TIMEOUT',
793 silly   timeout: 4000,
793 silly   errno: 'ERR_SOCKET_TIMEOUT',
793 silly   type: 'system'
793 silly }
794 error ERR_SOCKET_TIMEOUT request to https://registry.npmjs.org/@analys%2ftable-timeseries-rolling failed, reason: Socket timeout
795 error FetchError: request to https://registry.npmjs.org/@analys%2ftable-timeseries-rolling failed, reason: Socket timeout
795 error     at ClientRequest.<anonymous> (C:\Users\hoyeu\banyan\analys\node_modules\minipass-fetch\lib\index.js:110:14)
795 error     at ClientRequest.emit (node:events:520:28)
795 error     at TLSSocket.socketErrorListener (node:_http_client:442:9)
795 error     at TLSSocket.emit (node:events:532:35)
795 error     at emitErrorNT (node:internal/streams/destroy:157:8)
795 error     at emitErrorCloseNT (node:internal/streams/destroy:122:3)
